#
# A fatal error has been detected by the Java Runtime Environment:
#
#  EXCEPTION_ACCESS_VIOLATION (0xc0000005) at pc=0x652a60f8, pid=3528, tid=0x00000c78
#
# JRE version: Java(TM) SE Runtime Environment (8.0_171-b11) (build 1.8.0_171-b11)
# Java VM: Java HotSpot(TM) Client VM (25.171-b11 mixed mode windows-x86 )
# Problematic frame:
# V  [jvm.dll+0xe60f8]
#
# Failed to write core dump. Minidumps are not enabled by default on client versions of Windows
#
# If you would like to submit a bug report, please visit:
#   http://bugreport.java.com/bugreport/crash.jsp
#

---------------  T H R E A D  ---------------

Current thread (0x1717ac00):  JavaThread "Timer-0" [_thread_in_vm, id=3192, stack(0x18b80000,0x18bd0000)]

siginfo: ExceptionCode=0xc0000005, reading address 0x00000000

Registers:
EAX=0x00000006, EBX=0x1717ad40, ECX=0x00000000, EDX=0x00000000
ESP=0x18bcf5a4, EBP=0x18bcf5c8, ESI=0x17ddc280, EDI=0x1717ac00
EIP=0x652a60f8, EFLAGS=0x00010246

Top of Stack: (sp=0x18bcf5a4)
0x18bcf5a4:   1717ac00 00000006 17ddc280 1717ad40
0x18bcf5b4:   18bcf5dc 652413c0 1717ac00 00000006
0x18bcf5c4:   00000008 18bcf5e8 60441b19 1717ac00
0x18bcf5d4:   00000000 00000000 1717ac00 17ddc280
0x18bcf5e4:   17ddc280 18bcf630 0285daf1 1717ad40
0x18bcf5f4:   18bcf64c 00000000 18bcf644 18bcf640
0x18bcf604:   18c6da50 17ddc280 0285d8c6 18bcf610
0x18bcf614:   17ddc280 18bcf64c 17ddc730 00000000 

Instructions: (pc=0x652a60f8)
0x652a60d8:   94 30 09 00 c7 45 08 00 00 00 00 eb 03 89 4d 08
0x652a60e8:   8b 45 08 53 56 6a 06 50 e8 eb 12 f2 ff 8b 4d 0c
0x652a60f8:   8b 19 8b 73 08 83 c4 08 85 f6 75 09 e8 97 02 ff
0x652a6108:   ff 8b f0 eb 7d 8b 15 ac c9 52 65 81 fa ff 00 00 


Register to memory mapping:

EAX=0x00000006 is an unknown value
EBX=0x1717ad40 is an unknown value
ECX=0x00000000 is an unknown value
EDX=0x00000000 is an unknown value
ESP=0x18bcf5a4 is pointing into the stack for thread: 0x1717ac00
EBP=0x18bcf5c8 is pointing into the stack for thread: 0x1717ac00
ESI={method} {0x17ddc284} 'DLL_CalcRotationZY' '([D[D[D)Z' in 'MyTracker/Calibration'
EDI=0x1717ac00 is a thread


Stack: [0x18b80000,0x18bd0000],  sp=0x18bcf5a4,  free space=317k
Native frames: (J=compiled Java code, j=interpreted, Vv=VM code, C=native code)
V  [jvm.dll+0xe60f8]
C  [Calibration.dll+0x1b19]  Java_MyTracker_Calibration_DLL_1CalcRotationZY+0x19
j  MyTracker.Calibration.DLL_CalcRotationZY([D[D[D)Z+0
j  MyTracker.TrackerThread.LineDesign(Ljava/util/List;)Ljava/util/List;+462
j  MyTracker.TrackerThread.access$400(LMyTracker/TrackerThread;Ljava/util/List;)Ljava/util/List;+2
j  MyTracker.TrackerThread$1.run()V+579
j  java.util.TimerThread.mainLoop()V+221
j  java.util.TimerThread.run()V+1
v  ~StubRoutines::call_stub
V  [jvm.dll+0x15b985]
V  [jvm.dll+0x22262e]
V  [jvm.dll+0x15ba1e]
V  [jvm.dll+0x15bba6]
V  [jvm.dll+0x15bc17]
V  [jvm.dll+0xffb3f]
V  [jvm.dll+0x17eb50]
V  [jvm.dll+0x17f3ca]
V  [jvm.dll+0x1c3fe6]
C  [msvcr100.dll+0x5c556]
C  [msvcr100.dll+0x5c600]
C  [kernel32.dll+0x1343d]
C  [ntdll.dll+0x39832]
C  [ntdll.dll+0x39805]
C  0x00000000

Java frames: (J=compiled Java code, j=interpreted, Vv=VM code)
j  MyTracker.Calibration.DLL_CalcRotationZY([D[D[D)Z+0
j  MyTracker.TrackerThread.LineDesign(Ljava/util/List;)Ljava/util/List;+462
j  MyTracker.TrackerThread.access$400(LMyTracker/TrackerThread;Ljava/util/List;)Ljava/util/List;+2
j  MyTracker.TrackerThread$1.run()V+579
j  java.util.TimerThread.mainLoop()V+221
j  java.util.TimerThread.run()V+1
v  ~StubRoutines::call_stub

---------------  P R O C E S S  ---------------

Java Threads: ( => current thread )
=>0x1717ac00 JavaThread "Timer-0" [_thread_in_vm, id=3192, stack(0x18b80000,0x18bd0000)]
  0x1717a400 JavaThread "Video Thread" daemon [_thread_blocked, id=2848, stack(0x18bf0000,0x18c40000)]
  0x1717a000 JavaThread "Async Thread" daemon [_thread_blocked, id=4760, stack(0x18370000,0x183c0000)]
  0x17179800 JavaThread "Measure Thread" daemon [_thread_blocked, id=2320, stack(0x15cc0000,0x15d10000)]
  0x17179000 JavaThread "Measure Thread" daemon [_thread_blocked, id=468, stack(0x15de0000,0x15e30000)]
  0x17175000 JavaThread "Measure Thread" daemon [_thread_blocked, id=3516, stack(0x15f80000,0x15fd0000)]
  0x14f56000 JavaThread "Command Thread" daemon [_thread_blocked, id=3884, stack(0x18220000,0x18270000)]
  0x172b7400 JavaThread "Tracker Thread" [_thread_in_Java, id=5024, stack(0x18a00000,0x18a50000)]
  0x1723fc00 JavaThread "Swing-Shell" daemon [_thread_blocked, id=3724, stack(0x160e0000,0x16130000)]
  0x1711fc00 JavaThread "TimerQueue" daemon [_thread_blocked, id=4212, stack(0x179f0000,0x17a40000)]
  0x00b3d000 JavaThread "DestroyJavaVM" [_thread_blocked, id=4976, stack(0x00a20000,0x00a70000)]
  0x15590c00 JavaThread "AWT-EventQueue-0" [_thread_blocked, id=1860, stack(0x152e0000,0x15330000)]
  0x15519c00 JavaThread "AWT-Windows" daemon [_thread_in_native, id=3172, stack(0x15240000,0x15290000)]
  0x15518800 JavaThread "AWT-Shutdown" [_thread_blocked, id=160, stack(0x15940000,0x15990000)]
  0x1505f400 JavaThread "Java2D Disposer" daemon [_thread_blocked, id=1600, stack(0x15410000,0x15460000)]
  0x14f01400 JavaThread "Service Thread" daemon [_thread_blocked, id=2916, stack(0x151e0000,0x15230000)]
  0x14ec7000 JavaThread "C1 CompilerThread0" daemon [_thread_blocked, id=2780, stack(0x15110000,0x15160000)]
  0x14ed3c00 JavaThread "Attach Listener" daemon [_thread_blocked, id=2904, stack(0x04940000,0x04990000)]
  0x14ed3000 JavaThread "Signal Dispatcher" daemon [_thread_blocked, id=3288, stack(0x049b0000,0x04a00000)]
  0x14ea7000 JavaThread "Finalizer" daemon [_thread_blocked, id=4960, stack(0x04860000,0x048b0000)]
  0x14e81c00 JavaThread "Reference Handler" daemon [_thread_blocked, id=2556, stack(0x048e0000,0x04930000)]

Other Threads:
  0x14e7b800 VMThread [stack: 0x003e0000,0x00430000] [id=3600]
  0x14edac00 WatcherThread [stack: 0x15470000,0x154c0000] [id=736]

VM state:not at safepoint (normal execution)

VM Mutex/Monitor currently owned by a thread: None

Heap:
 def new generation   total 12736K, used 2482K [0x04a00000, 0x057d0000, 0x09f50000)
  eden space 11328K,  21% used [0x04a00000, 0x04c6c870, 0x05510000)
  from space 1408K,   0% used [0x05510000, 0x05510000, 0x05670000)
  to   space 1408K,   0% used [0x05670000, 0x05670000, 0x057d0000)
 tenured generation   total 28132K, used 10985K [0x09f50000, 0x0bac9000, 0x14a00000)
   the space 28132K,  39% used [0x09f50000, 0x0aa0a520, 0x0aa0a600, 0x0bac9000)
 Metaspace       used 13593K, capacity 13821K, committed 13952K, reserved 14720K

Card table byte_map: [0x00a70000,0x00b00000] byte_map_base: 0x00a4b000

Polling page: 0x00150000

CodeCache: size=32768Kb used=2887Kb max_used=2887Kb free=29880Kb
 bounds [0x02850000, 0x02b28000, 0x04850000]
 total_blobs=1746 nmethods=1435 adapters=240
 compilation: enabled

Compilation events (10 events):
Event: 43.962 Thread 0x14ec7000 1440             smx.tracker.event.BusyEvent::<init> (22 bytes)
Event: 43.963 Thread 0x14ec7000 nmethod 1440 0x02b21388 code [0x02b21490, 0x02b215bc]
Event: 44.024 Thread 0x14ec7000 1441             smx.tracker.MeasurePointData::distance (5 bytes)
Event: 44.024 Thread 0x14ec7000 nmethod 1441 0x02b21688 code [0x02b21780, 0x02b21800]
Event: 44.024 Thread 0x14ec7000 1442             smx.tracker.MeasurePointData::zenith (5 bytes)
Event: 44.024 Thread 0x14ec7000 nmethod 1442 0x02b21848 code [0x02b21940, 0x02b219c0]
Event: 44.024 Thread 0x14ec7000 1443             smx.tracker.MeasurePointData::azimuth (5 bytes)
Event: 44.024 Thread 0x14ec7000 nmethod 1443 0x02b21a08 code [0x02b21b00, 0x02b21b80]
Event: 45.444 Thread 0x14ec7000 1444             java.util.TaskQueue::getMin (7 bytes)
Event: 45.444 Thread 0x14ec7000 nmethod 1444 0x02b21bc8 code [0x02b21cc0, 0x02b21d60]

GC Heap History (10 events):
Event: 27.474 GC heap before
{Heap before GC invocations=32 (full 21):
 def new generation   total 12736K, used 211K [0x04a00000, 0x057d0000, 0x09f50000)
  eden space 11328K,   1% used [0x04a00000, 0x04a34d08, 0x05510000)
  from space 1408K,   0% used [0x05510000, 0x05510000, 0x05670000)
  to   space 1408K,   0% used [0x05670000, 0x05670000, 0x057d0000)
 tenured generation   total 28132K, used 10970K [0x09f50000, 0x0bac9000, 0x14a00000)
   the space 28132K,  38% used [0x09f50000, 0x0aa069e0, 0x0aa06a00, 0x0bac9000)
 Metaspace       used 13540K, capacity 13789K, committed 13952K, reserved 14720K
Event: 27.494 GC heap after
Heap after GC invocations=33 (full 22):
 def new generation   total 12736K, used 0K [0x04a00000, 0x057d0000, 0x09f50000)
  eden space 11328K,   0% used [0x04a00000, 0x04a00000, 0x05510000)
  from space 1408K,   0% used [0x05510000, 0x05510000, 0x05670000)
  to   space 1408K,   0% used [0x05670000, 0x05670000, 0x057d0000)
 tenured generation   total 28132K, used 10973K [0x09f50000, 0x0bac9000, 0x14a00000)
   the space 28132K,  39% used [0x09f50000, 0x0aa076e0, 0x0aa07800, 0x0bac9000)
 Metaspace       used 13540K, capacity 13789K, committed 13952K, reserved 14720K
}
Event: 27.520 GC heap before
{Heap before GC invocations=33 (full 22):
 def new generation   total 12736K, used 213K [0x04a00000, 0x057d0000, 0x09f50000)
  eden space 11328K,   1% used [0x04a00000, 0x04a356c0, 0x05510000)
  from space 1408K,   0% used [0x05510000, 0x05510000, 0x05670000)
  to   space 1408K,   0% used [0x05670000, 0x05670000, 0x057d0000)
 tenured generation   total 28132K, used 10973K [0x09f50000, 0x0bac9000, 0x14a00000)
   the space 28132K,  39% used [0x09f50000, 0x0aa076e0, 0x0aa07800, 0x0bac9000)
 Metaspace       used 13541K, capacity 13789K, committed 13952K, reserved 14720K
Event: 27.542 GC heap after
Heap after GC invocations=34 (full 23):
 def new generation   total 12736K, used 0K [0x04a00000, 0x057d0000, 0x09f50000)
  eden space 11328K,   0% used [0x04a00000, 0x04a00000, 0x05510000)
  from space 1408K,   0% used [0x05510000, 0x05510000, 0x05670000)
  to   space 1408K,   0% used [0x05670000, 0x05670000, 0x057d0000)
 tenured generation   total 28132K, used 10991K [0x09f50000, 0x0bac9000, 0x14a00000)
   the space 28132K,  39% used [0x09f50000, 0x0aa0bc98, 0x0aa0be00, 0x0bac9000)
 Metaspace       used 13541K, capacity 13789K, committed 13952K, reserved 14720K
}
Event: 27.543 GC heap before
{Heap before GC invocations=34 (full 23):
 def new generation   total 12736K, used 211K [0x04a00000, 0x057d0000, 0x09f50000)
  eden space 11328K,   1% used [0x04a00000, 0x04a34d08, 0x05510000)
  from space 1408K,   0% used [0x05510000, 0x05510000, 0x05670000)
  to   space 1408K,   0% used [0x05670000, 0x05670000, 0x057d0000)
 tenured generation   total 28132K, used 10991K [0x09f50000, 0x0bac9000, 0x14a00000)
   the space 28132K,  39% used [0x09f50000, 0x0aa0bc98, 0x0aa0be00, 0x0bac9000)
 Metaspace       used 13541K, capacity 13789K, committed 13952K, reserved 14720K
Event: 27.566 GC heap after
Heap after GC invocations=35 (full 24):
 def new generation   total 12736K, used 0K [0x04a00000, 0x057d0000, 0x09f50000)
  eden space 11328K,   0% used [0x04a00000, 0x04a00000, 0x05510000)
  from space 1408K,   0% used [0x05510000, 0x05510000, 0x05670000)
  to   space 1408K,   0% used [0x05670000, 0x05670000, 0x057d0000)
 tenured generation   total 28132K, used 10983K [0x09f50000, 0x0bac9000, 0x14a00000)
   the space 28132K,  39% used [0x09f50000, 0x0aa09f28, 0x0aa0a000, 0x0bac9000)
 Metaspace       used 13541K, capacity 13789K, committed 13952K, reserved 14720K
}
Event: 27.568 GC heap before
{Heap before GC invocations=35 (full 24):
 def new generation   total 12736K, used 211K [0x04a00000, 0x057d0000, 0x09f50000)
  eden space 11328K,   1% used [0x04a00000, 0x04a34d08, 0x05510000)
  from space 1408K,   0% used [0x05510000, 0x05510000, 0x05670000)
  to   space 1408K,   0% used [0x05670000, 0x05670000, 0x057d0000)
 tenured generation   total 28132K, used 10983K [0x09f50000, 0x0bac9000, 0x14a00000)
   the space 28132K,  39% used [0x09f50000, 0x0aa09f28, 0x0aa0a000, 0x0bac9000)
 Metaspace       used 13541K, capacity 13789K, committed 13952K, reserved 14720K
Event: 27.589 GC heap after
Heap after GC invocations=36 (full 25):
 def new generation   total 12736K, used 0K [0x04a00000, 0x057d0000, 0x09f50000)
  eden space 11328K,   0% used [0x04a00000, 0x04a00000, 0x05510000)
  from space 1408K,   0% used [0x05510000, 0x05510000, 0x05670000)
  to   space 1408K,   0% used [0x05670000, 0x05670000, 0x057d0000)
 tenured generation   total 28132K, used 10985K [0x09f50000, 0x0bac9000, 0x14a00000)
   the space 28132K,  39% used [0x09f50000, 0x0aa0a520, 0x0aa0a600, 0x0bac9000)
 Metaspace       used 13541K, capacity 13789K, committed 13952K, reserved 14720K
}
Event: 27.589 GC heap before
{Heap before GC invocations=36 (full 25):
 def new generation   total 12736K, used 0K [0x04a00000, 0x057d0000, 0x09f50000)
  eden space 11328K,   0% used [0x04a00000, 0x04a00000, 0x05510000)
  from space 1408K,   0% used [0x05510000, 0x05510000, 0x05670000)
  to   space 1408K,   0% used [0x05670000, 0x05670000, 0x057d0000)
 tenured generation   total 28132K, used 10985K [0x09f50000, 0x0bac9000, 0x14a00000)
   the space 28132K,  39% used [0x09f50000, 0x0aa0a520, 0x0aa0a600, 0x0bac9000)
 Metaspace       used 13541K, capacity 13789K, committed 13952K, reserved 14720K
Event: 27.609 GC heap after
Heap after GC invocations=37 (full 26):
 def new generation   total 12736K, used 0K [0x04a00000, 0x057d0000, 0x09f50000)
  eden space 11328K,   0% used [0x04a00000, 0x04a00000, 0x05510000)
  from space 1408K,   0% used [0x05510000, 0x05510000, 0x05670000)
  to   space 1408K,   0% used [0x05670000, 0x05670000, 0x057d0000)
 tenured generation   total 28132K, used 10985K [0x09f50000, 0x0bac9000, 0x14a00000)
   the space 28132K,  39% used [0x09f50000, 0x0aa0a520, 0x0aa0a600, 0x0bac9000)
 Metaspace       used 13541K, capacity 13789K, committed 13952K, reserved 14720K
}

Deoptimization events (0 events):
No events

Classes redefined (0 events):
No events

Internal exceptions (10 events):
Event: 0.373 Thread 0x00b3d000 Exception <a 'java/lang/ClassNotFoundException': ToggleButton> (0x04deb1e0) thrown at [C:\re\workspace\8-2-build-windows-i586-cygwin\jdk8u171\10807\hotspot\src\share\vm\classfile\systemDictionary.cpp, line 210]
Event: 0.373 Thread 0x00b3d000 Exception <a 'java/lang/ClassNotFoundException': javax/swing/JToolBarSeparator> (0x04deb5e8) thrown at [C:\re\workspace\8-2-build-windows-i586-cygwin\jdk8u171\10807\hotspot\src\share\vm\classfile\systemDictionary.cpp, line 210]
Event: 0.373 Thread 0x00b3d000 Exception <a 'java/lang/ClassNotFoundException': ToolBarSeparator> (0x04deba40) thrown at [C:\re\workspace\8-2-build-windows-i586-cygwin\jdk8u171\10807\hotspot\src\share\vm\classfile\systemDictionary.cpp, line 210]
Event: 0.373 Thread 0x00b3d000 Exception <a 'java/lang/ClassNotFoundException': ToolTip> (0x04dec0e8) thrown at [C:\re\workspace\8-2-build-windows-i586-cygwin\jdk8u171\10807\hotspot\src\share\vm\classfile\systemDictionary.cpp, line 210]
Event: 0.374 Thread 0x00b3d000 Exception <a 'java/lang/ClassNotFoundException': Tree> (0x04decbd0) thrown at [C:\re\workspace\8-2-build-windows-i586-cygwin\jdk8u171\10807\hotspot\src\share\vm\classfile\systemDictionary.cpp, line 210]
Event: 0.374 Thread 0x00b3d000 Exception <a 'java/lang/ClassNotFoundException': Tree> (0x04ded270) thrown at [C:\re\workspace\8-2-build-windows-i586-cygwin\jdk8u171\10807\hotspot\src\share\vm\classfile\systemDictionary.cpp, line 210]
Event: 0.374 Thread 0x00b3d000 Exception <a 'java/lang/ClassNotFoundException': javax/swing/JTreeCell> (0x04ded5a8) thrown at [C:\re\workspace\8-2-build-windows-i586-cygwin\jdk8u171\10807\hotspot\src\share\vm\classfile\systemDictionary.cpp, line 210]
Event: 0.374 Thread 0x00b3d000 Exception <a 'java/lang/ClassNotFoundException': TreeCell> (0x04ded9f0) thrown at [C:\re\workspace\8-2-build-windows-i586-cygwin\jdk8u171\10807\hotspot\src\share\vm\classfile\systemDictionary.cpp, line 210]
Event: 0.375 Thread 0x00b3d000 Exception <a 'java/lang/ClassNotFoundException': RootPane> (0x04dee368) thrown at [C:\re\workspace\8-2-build-windows-i586-cygwin\jdk8u171\10807\hotspot\src\share\vm\classfile\systemDictionary.cpp, line 210]
Event: 10.221 Thread 0x14f56000 Exception <a 'java/io/FileNotFoundException'> (0x04c926b8) thrown at [C:\re\workspace\8-2-build-windows-i586-cygwin\jdk8u171\10807\hotspot\src\share\vm\prims\jni.cpp, line 709]

Events (10 events):
Event: 36.552 Executing VM operation: RevokeBias
Event: 36.552 Executing VM operation: RevokeBias done
Event: 36.552 loading class smx/tracker/StdDevFilter
Event: 36.552 loading class smx/tracker/StdDevFilter done
Event: 36.552 loading class smx/tracker/event/BkndMeasureDataEvent
Event: 36.552 loading class smx/tracker/event/BkndMeasureDataEvent done
Event: 36.552 Executing VM operation: RevokeBias
Event: 36.552 Executing VM operation: RevokeBias done
Event: 38.985 loading class MyTracker/GeneralPair
Event: 38.986 loading class MyTracker/GeneralPair done


Dynamic libraries:
0x00e80000 - 0x00eb3000 	C:\Program Files (x86)\Java\jdk1.8.0_171\bin\java.exe
0x77650000 - 0x777d0000 	C:\Windows\SysWOW64\ntdll.dll
0x76a60000 - 0x76b70000 	C:\Windows\syswow64\kernel32.dll
0x75b40000 - 0x75b87000 	C:\Windows\syswow64\KERNELBASE.dll
0x75980000 - 0x75a21000 	C:\Windows\syswow64\ADVAPI32.dll
0x758c0000 - 0x7596c000 	C:\Windows\syswow64\msvcrt.dll
0x76b70000 - 0x76b89000 	C:\Windows\SysWOW64\sechost.dll
0x77170000 - 0x77260000 	C:\Windows\syswow64\RPCRT4.dll
0x74fc0000 - 0x75020000 	C:\Windows\syswow64\SspiCli.dll
0x74fb0000 - 0x74fbc000 	C:\Windows\syswow64\CRYPTBASE.dll
0x75a40000 - 0x75b40000 	C:\Windows\syswow64\USER32.dll
0x76f80000 - 0x77010000 	C:\Windows\syswow64\GDI32.dll
0x75b90000 - 0x75b9a000 	C:\Windows\syswow64\LPK.dll
0x76b90000 - 0x76c2d000 	C:\Windows\syswow64\USP10.dll
0x73670000 - 0x7380e000 	C:\Windows\WinSxS\x86_microsoft.windows.common-controls_6595b64144ccf1df_6.0.7601.18837_none_41e855142bd5705d\COMCTL32.dll
0x76cd0000 - 0x76d27000 	C:\Windows\syswow64\SHLWAPI.dll
0x75570000 - 0x755d0000 	C:\Windows\system32\IMM32.DLL
0x770a0000 - 0x7716d000 	C:\Windows\syswow64\MSCTF.dll
0x65100000 - 0x651bf000 	C:\Program Files (x86)\Java\jdk1.8.0_171\jre\bin\msvcr100.dll
0x651c0000 - 0x65591000 	C:\Program Files (x86)\Java\jdk1.8.0_171\jre\bin\client\jvm.dll
0x73cd0000 - 0x73cd7000 	C:\Windows\system32\WSOCK32.dll
0x75bd0000 - 0x75c05000 	C:\Windows\syswow64\WS2_32.dll
0x75970000 - 0x75976000 	C:\Windows\syswow64\NSI.dll
0x71940000 - 0x71972000 	C:\Windows\system32\WINMM.dll
0x73570000 - 0x73579000 	C:\Windows\system32\VERSION.dll
0x76c30000 - 0x76c35000 	C:\Windows\syswow64\PSAPI.DLL
0x69c00000 - 0x69c0c000 	C:\Program Files (x86)\Java\jdk1.8.0_171\jre\bin\verify.dll
0x69bd0000 - 0x69bf2000 	C:\Program Files (x86)\Java\jdk1.8.0_171\jre\bin\java.dll
0x68770000 - 0x68784000 	C:\Program Files (x86)\Java\jdk1.8.0_171\jre\bin\zip.dll
0x75c20000 - 0x7686c000 	C:\Windows\syswow64\SHELL32.dll
0x75060000 - 0x751bd000 	C:\Windows\syswow64\ole32.dll
0x75020000 - 0x7502b000 	C:\Windows\syswow64\profapi.dll
0x64af0000 - 0x64c35000 	C:\Program Files (x86)\Java\jdk1.8.0_171\jre\bin\awt.dll
0x76ee0000 - 0x76f71000 	C:\Windows\syswow64\OLEAUT32.dll
0x719a0000 - 0x71a20000 	C:\Windows\system32\uxtheme.dll
0x71680000 - 0x71693000 	C:\Windows\system32\dwmapi.dll
0x61750000 - 0x61789000 	C:\Program Files (x86)\Java\jdk1.8.0_171\jre\bin\fontmanager.dll
0x699c0000 - 0x699d5000 	C:\Program Files (x86)\Java\jdk1.8.0_171\jre\bin\net.dll
0x73160000 - 0x7319c000 	C:\Windows\system32\mswsock.dll
0x73c30000 - 0x73c36000 	C:\Windows\System32\wship6.dll
0x68760000 - 0x6876f000 	C:\Program Files (x86)\Java\jdk1.8.0_171\jre\bin\nio.dll
0x61900000 - 0x619c8000 	C:\Windows\system32\opengl32.dll
0x618d0000 - 0x618f2000 	C:\Windows\system32\GLU32.dll
0x617e0000 - 0x618c7000 	C:\Windows\system32\DDRAW.dll
0x617d0000 - 0x617d6000 	C:\Windows\system32\DCIMAN32.dll
0x76d30000 - 0x76ecd000 	C:\Windows\syswow64\SETUPAPI.dll
0x752f0000 - 0x75317000 	C:\Windows\syswow64\CFGMGR32.dll
0x75bb0000 - 0x75bc2000 	C:\Windows\syswow64\DEVOBJ.dll
0x616d0000 - 0x61702000 	C:\Program Files (x86)\Java\jdk1.8.0_171\jre\bin\t2k.dll
0x77010000 - 0x77093000 	C:\Windows\syswow64\CLBCatQ.DLL
0x61560000 - 0x61690000 	C:\Windows\system32\WindowsCodecs.dll
0x69b80000 - 0x69bcc000 	C:\Windows\system32\apphelp.dll
0x61420000 - 0x61559000 	C:\Program Files (x86)\DingDing\Shell\ShellExtension_4.5.5-Release.19.dll
0x61400000 - 0x6141a000 	C:\Program Files (x86)\Common Files\TortoiseOverlays\TortoiseOverlays.dll
0x73c50000 - 0x73c53000 	C:\Windows\system32\api-ms-win-core-synch-l1-2-0.DLL
0x613e0000 - 0x613f7000 	C:\Program Files\TortoiseSVN\bin\TortoiseStub32.dll
0x61060000 - 0x613d6000 	C:\Program Files\TortoiseSVN\bin\TortoiseSVN32.dll
0x751c0000 - 0x752e2000 	C:\Windows\syswow64\CRYPT32.dll
0x75550000 - 0x7555c000 	C:\Windows\syswow64\MSASN1.dll
0x76870000 - 0x76a54000 	C:\Windows\syswow64\WININET.dll
0x75560000 - 0x75564000 	C:\Windows\syswow64\api-ms-win-downlevel-user32-l1-1-0.dll
0x75c10000 - 0x75c14000 	C:\Windows\syswow64\api-ms-win-downlevel-shlwapi-l1-1-0.dll
0x76c40000 - 0x76c44000 	C:\Windows\syswow64\api-ms-win-downlevel-version-l1-1-0.dll
0x75a30000 - 0x75a33000 	C:\Windows\syswow64\api-ms-win-downlevel-normaliz-l1-1-0.dll
0x76ed0000 - 0x76ed3000 	C:\Windows\syswow64\normaliz.DLL
0x75620000 - 0x75852000 	C:\Windows\syswow64\iertutil.dll
0x77260000 - 0x77265000 	C:\Windows\syswow64\api-ms-win-downlevel-advapi32-l1-1-0.dll
0x75600000 - 0x75617000 	C:\Windows\syswow64\USERENV.dll
0x60fe0000 - 0x61011000 	C:\Windows\system32\EhStorShell.dll
0x6b210000 - 0x6b305000 	C:\Windows\system32\PROPSYS.dll
0x718e0000 - 0x718f7000 	C:\Windows\system32\CRYPTSP.dll
0x6abb0000 - 0x6abeb000 	C:\Windows\system32\rsaenh.dll
0x735f0000 - 0x7360c000 	C:\Windows\system32\IPHLPAPI.DLL
0x735e0000 - 0x735e7000 	C:\Windows\system32\WINNSI.DLL
0x73210000 - 0x73222000 	C:\Windows\system32\dhcpcsvc.DLL
0x73c40000 - 0x73c4d000 	C:\Windows\system32\dhcpcsvc6.DLL
0x73410000 - 0x73494000 	C:\Windows\WinSxS\x86_microsoft.windows.common-controls_6595b64144ccf1df_5.82.7601.18837_none_ec86b8d6858ec0bc\comctl32.dll
0x73a50000 - 0x73be8000 	C:\Windows\system32\NetworkExplorer.dll
0x734a0000 - 0x734c1000 	C:\Windows\system32\ntmarta.dll
0x75500000 - 0x75545000 	C:\Windows\syswow64\WLDAP32.dll
0x60980000 - 0x609af000 	C:\Windows\System32\shdocvw.dll
0x61020000 - 0x6102a000 	C:\Windows\system32\slc.dll
0x60600000 - 0x6097e000 	C:\Program Files (x86)\WPS Office\10.1.0.7469\office6\qingnse.dll
0x753b0000 - 0x754fa000 	C:\Windows\syswow64\urlmon.dll
0x75ba0000 - 0x75ba4000 	C:\Windows\syswow64\api-ms-win-downlevel-ole32-l1-1-0.dll
0x73230000 - 0x733c1000 	C:\Windows\WinSxS\x86_microsoft.windows.gdiplus_6595b64144ccf1df_1.1.7601.23894_none_5c0be957a009922e\gdiplus.dll
0x718a0000 - 0x718a5000 	C:\Windows\system32\MSIMG32.dll
0x74860000 - 0x7489c000 	C:\Windows\system32\OLEACC.dll
0x686a0000 - 0x686a6000 	C:\Windows\system32\IconCodecService.dll
0x69cd0000 - 0x69ce2000 	C:\Windows\system32\MPR.dll
0x609d0000 - 0x609d8000 	C:\Windows\System32\drprov.dll
0x73540000 - 0x73569000 	C:\Windows\System32\WINSTA.dll
0x609b0000 - 0x609c4000 	C:\Windows\System32\ntlanman.dll
0x605e0000 - 0x605f8000 	C:\Windows\System32\davclnt.dll
0x605d0000 - 0x605d8000 	C:\Windows\System32\DAVHLPR.dll
0x73580000 - 0x7358f000 	C:\Windows\system32\wkscli.dll
0x605c0000 - 0x605cb000 	C:\Windows\system32\cscapi.dll
0x735b0000 - 0x735b9000 	C:\Windows\system32\netutils.dll
0x60140000 - 0x60378000 	C:\Windows\system32\wpdshext.dll
0x60530000 - 0x605b9000 	C:\Windows\system32\PortableDeviceApi.dll
0x755d0000 - 0x755ff000 	C:\Windows\syswow64\WINTRUST.dll
0x604b0000 - 0x604ef000 	C:\Windows\system32\audiodev.dll
0x5fed0000 - 0x60137000 	C:\Windows\system32\WMVCore.DLL
0x604f0000 - 0x6052d000 	C:\Windows\system32\WMASF.DLL
0x60480000 - 0x604a2000 	C:\Windows\system32\EhStorAPI.dll
0x60470000 - 0x60479000 	C:\Windows\system32\LINKINFO.dll
0x60440000 - 0x6046e000 	E:\ProjectA\JavaProject\FAROTracker\Calibration.dll
0x5fdf0000 - 0x5fec6000 	C:\Windows\system32\MSVCR110.dll
0x61030000 - 0x61054000 	C:\Program Files (x86)\Java\jdk1.8.0_171\jre\bin\dcpr.dll
0x5fd00000 - 0x5fdeb000 	C:\Windows\system32\dbghelp.dll

VM Arguments:
jvm_args: -Dfile.encoding=UTF-8 
java_command: MyTracker.MyTracker
java_class_path (initial): E:\ProjectA\JavaProject\FAROTracker\src\Apps4xxx.jar;E:\ProjectA\JavaProject\FAROTracker\src\AppsKeystoneSim.jar;E:\ProjectA\JavaProject\FAROTracker\src\Ftp.jar;E:\ProjectA\JavaProject\FAROTracker\src\Tracker.jar;E:\ProjectA\JavaProject\FAROTracker\src\Utility.jar;E:\ProjectA\JavaProject\FAROTracker\src\jxl-2.6.3.jar;E:\ProjectA\JavaProject\FAROTracker\src\jcommon-1.0.23.jar;E:\ProjectA\JavaProject\FAROTracker\src\jfreechart-1.0.19.jar;E:\ProjectA\JavaProject\FAROTracker\src\orsoncharts-1.6.jar;E:\ProjectA\JavaProject\FAROTracker\build\classes
Launcher Type: SUN_STANDARD

Environment Variables:
JAVA_HOME=C:\Program Files (x86)\Java\jdk1.8.0_171
CLASSPATH=.;C:\Program Files (x86)\Java\jdk1.8.0_171\lib\dt.jar;C:\Program Files (x86)\Java\jdk1.8.0_171\lib\tools.jar;C:\Program Files (x86)\Java\jdk1.8.0_171\jfreechart-1.0.19\lib\jcommon-1.0.23.jar;C:\Program Files (x86)\Java\jdk1.8.0_171\jfreechart-1.0.19\lib\jfreechart-1.0.19.jar
PATH=C:\Program Files (x86)\Common Files\Oracle\Java\javapath;C:\Windows\system32;C:\Windows;C:\Windows\System32\Wbem;C:\Windows\System32\WindowsPowerShell\v1.0\;C:\Program Files (x86)\Intel\OpenCL SDK\3.0\bin\x86;C:\Program Files (x86)\Intel\OpenCL SDK\3.0\bin\x64;C:\Program Files\Git\cmd;C:\Program Files (x86)\Windows Kits\8.0\Windows Performance Toolkit\;C:\Program Files\Microsoft SQL Server\110\Tools\Binn\;C:\Program Files (x86)\Java\jdk1.8.0_171\bin;C:\Program Files (x86)\Java\jdk1.8.0_171\jre\bin;d:\Program Files (x86)\Microchip\MPLAB C30\bin;D:\Program Files (x86)\Microchip\MPLABIDE\MPLAB C32 Suite\bin;C:\Program Files\MATLAB\R2014b\runtime\win64;C:\Program Files\MATLAB\R2014b\bin;C:\Program Files\TortoiseSVN\bin;D:\Program Files\GetGnuWin32\gnuwin32\bin
USERNAME=szhc
OS=Windows_NT
PROCESSOR_IDENTIFIER=Intel64 Family 6 Model 60 Stepping 3, GenuineIntel



---------------  S Y S T E M  ---------------

OS: Windows 7 , 64 bit Build 7601 (6.1.7601.24150)

CPU:total 4 (initial active 4) (2 cores per cpu, 2 threads per core) family 6 model 60 stepping 3, cmov, cx8, fxsr, mmx, sse, sse2, sse3, ssse3, sse4.1, sse4.2, popcnt, avx, avx2, aes, clmul, erms, lzcnt, ht, tsc, tscinvbit, bmi1, bmi2

Memory: 4k page, physical 4108656k(2236828k free), swap 8215436k(6023952k free)

vm_info: Java HotSpot(TM) Client VM (25.171-b11) for windows-x86 JRE (1.8.0_171-b11), built on Mar 28 2018 14:51:22 by "java_re" with MS VC++ 10.0 (VS2010)

time: Tue Aug 21 15:30:59 2018
elapsed time: 47 seconds (0d 0h 0m 47s)

